         w __deregister_frame_info
         w __register_frame_info
         w userAppExit
         w userAppInit
00000000 00000802 B __ctru_dev_utf16_buf
00000000 A __sync_synchronize
00000000 b _TLS_MODULE_BASE_
00000000 a shift
00000000 a shift
00000804 00000401 B __ctru_dev_path_buf
00100000 A __start__
00100000 T _start
00100008 T __service_ptr
0010000c T __apt_appid
00100010 T __heap_size
00100014 T __linear_heap_size
00100018 T __system_arglist
0010001c T __system_runflags
00100020 t startup
00100058 t ClearMem
0010006c t ClrLoop
00100094 T _init
001000ac T __aeabi_idiv
001000ac 00000220 T __divsi3
001000b4 t .divsi3_skip_div0_test
001002cc 00000020 T __aeabi_idivmod
001002ec 00000004 W __aeabi_idiv0
001002ec 00000004 W __aeabi_ldiv0
001002f0 T __aeabi_uldivmod
00100348 00000390 T strcmp
001006d0 t .udivsi3_skip_div0_test
001006d0 T __aeabi_uidiv
001006d0 000001ec T __udivsi3
001008bc 00000020 T __aeabi_uidivmod
001008dc T __aeabi_drsub
001008e4 000002b0 T __aeabi_dsub
001008e4 000002b0 T __subdf3
001008e8 000002ac T __adddf3
001008e8 000002ac T __aeabi_dadd
00100b94 00000024 T __aeabi_ui2d
00100b94 00000024 T __floatunsidf
00100bb8 00000028 T __aeabi_i2d
00100bb8 00000028 T __floatsidf
00100be0 00000048 T __aeabi_f2d
00100be0 00000048 T __extendsfdf2
00100c28 00000074 T __aeabi_ul2d
00100c28 00000074 T __floatundidf
00100c3c 00000060 T __aeabi_l2d
00100c3c 00000060 T __floatdidf
00100c9c t __do_global_dtors_aux
00100cdc t frame_dummy
00100d08 00000078 T getServerIp
00100d80 0000023c T main
00100fbc 0000045c t consoleHandleColorEsc
00101418 000000b8 t consoleColorStateShift
001014d0 000001ac T consoleDrawChar
0010167c 0000011c T consolePrintChar
00101798 000005ec T con_write
00101d84 00000124 t newRow
00101ea8 0000018c T consoleInit
00102034 000000d0 t gfxPresentFramebuffer
00102104 0000001c T gfxIsWide
00102120 000000ec T gfxSetScreenFormat
0010220c 00000010 T gfxSetDoubleBuffering
0010221c 000000d8 T gfxInit
001022f4 00000010 T gfxInitDefault
00102304 000000b4 T gfxExit
001023b8 000000a0 T gfxGetFramebuffer
00102458 00000100 T gfxFlushBuffers
00102558 00000050 T gfxSwapBuffersGpu
001025a8 000001b0 t aptConvertScreenForCapture
00102758 00000008 W aptDspSleep
00102760 00000004 W aptDspWakeup
00102764 00000004 W aptDspCancel
00102768 00000158 T aptSendCommand
001028c0 00000044 t aptExitProcess
00102904 00000380 T aptExit
00102c84 000000d8 T aptHandleSleep
00102d5c 00000084 T APT_SleepIfShellClosed
00102de0 00000078 T aptSetSleepAllowed
00102e58 00000084 T APT_UnlockTransition
00102ee0 00000478 t aptEventHandler
00103358 000000b0 T APT_ReceiveParameter
00103408 000000ac t aptReceiveParameter.constprop.0
001034b8 00000294 t aptScreenTransfer
0010374c 000002c8 t aptWaitForWakeUp.isra.0
00103a14 000000f4 T aptJumpToHomeMenu
00103b08 00000048 T aptMainLoop
00103b50 0000022c T aptInit
00103d7c 0000007c T APT_CheckNew3DS
00103df8 00000c70 t gspHardwareInit
00104a68 00000248 T gspInit
00104cb0 000000e4 T gspExit
00104d94 00000010 T gspHasGpuRight
00104da4 000000a0 T gspPresentBuffer
00104e44 00000044 T gspWaitForEvent
00104e88 00000004 W gxCmdQueueInterrupt
00104e8c 00000160 t gspEventThreadMain
00104fec 00000050 T GSPGPU_FlushDataCache
0010503c 00000034 T GSPGPU_SetLcdForceBlack
00105070 00000068 T GSPGPU_AcquireRight
001050d8 00000048 T GSPGPU_ReleaseRight
00105120 0000007c T GSPGPU_ImportDisplayCaptureInfo
0010519c 0000002c T GSPGPU_SaveVramSysArea
001051c8 0000002c T GSPGPU_RestoreVramSysArea
001051f4 00000024 W hidShouldUseIrrst
00105218 0000018c T hidInit
001053a4 000000e8 T hidExit
0010548c 000002a4 T hidScanInput
00105730 00000010 T hidKeysDown
00105740 00000020 T hidAccelRead
00105760 00000020 T hidGyroRead
00105780 0000002c T HIDUSER_EnableAccelerometer
001057ac 0000002c T HIDUSER_EnableGyroscope
001057d8 00000160 T irrstInit
00105938 000000cc T irrstExit
00105a04 000000b4 T irrstScanInput
00105ab8 00000024 T irrstKeysHeld
00105adc 00000070 T inet_pton
00105b4c 00000014 t soc_open
00105b60 00000034 t soc_read
00105b94 00000034 t soc_write
00105bc8 0000008c t soc_close
00105c54 0000015c T socInit
00105db0 00000088 T socExit
00105e38 00000140 T socuipc_cmd7
00105f78 0000015c T socuipc_cmd8
001060d4 00000024 T soc_recvfrom
001060f8 00000158 T socuipc_cmd9
00106250 0000015c T socuipc_cmda
001063ac 00000024 T soc_sendto
001063d0 000000a8 T sendto
00106478 0000014c T socket
001065c4 00000038 W __libctru_init
001065fc 00000160 W __system_initArgv
0010675c 00000030 T __syscall_getreent
0010678c 00000004 T __syscall_lock_acquire
00106790 00000004 T __syscall_lock_release
00106794 00000004 T __syscall_lock_acquire_recursive
00106798 00000004 T __syscall_lock_release_recursive
0010679c 00000004 T __syscall_exit
001067a0 00000050 T initThreadVars
001067f0 00000080 T __system_initSyscalls
00106870 T svcControlMemory
00106890 T svcQueryMemory
001068c0 T svcExitProcess
001068c8 T svcCreateThread
001068e8 T svcExitThread
001068f0 T svcSleepThread
001068f8 T svcReleaseMutex
00106900 T svcCreateEvent
00106914 T svcSignalEvent
0010691c T svcClearEvent
00106924 T svcCreateMemoryBlock
0010693c T svcMapMemoryBlock
00106944 T svcUnmapMemoryBlock
0010694c T svcCreateAddressArbiter
00106960 T svcArbitrateAddressNoTimeout
00106968 T svcCloseHandle
00106970 T svcWaitSynchronization
00106978 T svcWaitSynchronizationN
001069a0 T svcDuplicateHandle
001069b4 T svcConnectToPort
001069c8 T svcSendSyncRequest
001069d0 T svcGetResourceLimit
001069e4 T svcGetResourceLimitLimitValues
001069ec T svcGetResourceLimitCurrentValues
001069f4 T svcBreak
001069fc W initSystem
00106a4c W __ctru_exit
00106a60 00000024 t addrMapNodeComparator(rbtree_node const*, rbtree_node const*)
00106a84 00000004 t addrMapNodeDestructor(rbtree_node*)
00106a88 00000120 T linearMemAlign
00106ba8 00000008 T linearAlloc
00106bb0 0000005c T linearFree
00106c0c 00000084 T MemPool::CoalesceRight(MemBlock*)
00106c90 00000150 T MemPool::Allocate(MemChunk&, unsigned long, int)
00106de0 000000fc T MemPool::Deallocate(MemChunk const&)
00106edc 00000030 T MemPool::GetFreeSpace()
00106f0c 00000024 t addrMapNodeComparator(rbtree_node const*, rbtree_node const*)
00106f30 00000004 t addrMapNodeDestructor(rbtree_node*)
00106f34 00000244 T vramMemAlignAt
00107178 0000000c T vramAlloc
00107184 00000090 T vramFree
00107214 00000084 W envGetHandle
00107298 00000050 W envDestroyHandles
001072e8 00000034 T __ctru_speedup_config
0010731c 0000012c T srvInit
00107448 00000058 T srvExit
001074a0 00000060 T srvEnableNotification
00107500 000000a0 T srvGetServiceHandleDirect
001075a0 00000038 T srvGetServiceHandle
001075d8 00000034 T srvSubscribe
0010760c 00000060 T srvReceiveNotification
0010766c 00000038 T srvPublishToSubscriber
001076a4 0000000c T __sync_init
001076b0 00000018 T __sync_fini
001076c8 0000002c T syncArbitrateAddress
001076f4 000000b0 T LightLock_Lock
001077a4 00000040 T LightLock_Unlock
001077e4 00000030 T RecursiveLock_Lock
00107814 00000054 T RecursiveLock_Unlock
00107868 00000040 T LightEvent_Init
001078a8 000000a4 T LightEvent_Clear
0010794c 000000c8 T LightEvent_Signal
00107a14 00000050 T LightEvent_TryWait
00107a64 000000a0 T LightEvent_Wait
00107b04 000001d4 T threadCreate
00107cd8 0000002c T threadFree
00107d04 00000024 T threadJoin
00107d28 00000030 T threadGetCurrent
00107d58 00000040 T threadExit
00107d98 00000020 t _thread_begin
00107db8 00000090 t mappableFindAddressWithin
00107e48 00000028 T mappableInit
00107e70 00000080 T mappableAlloc
00107ef0 00000004 T mappableFree
00107ef4 00000074 T ptmSysmInit
00107f68 0000003c T ptmSysmExit
00107fa4 00000034 T PTMSYSM_ConfigureNew3DSCPU
00107fd8 0000000c T srvPmGetSessionHandle
00107fe4 0000003c T _net_convert_error
00108020 00000074 T rbtree_find
00108094 00000010 T rbtree_init
001080a4 0000019c t do_insert
00108240 00000008 T rbtree_insert
00108248 00000310 T rbtree_remove
00108558 00000090 T rbtree_rotate
001085e8 000001e0 W __system_allocateHeaps
001087c8 00000030 W __appExit
001087f8 00000030 W __appInit
00108828 00000090 W __libctru_exit
001088b8 00000014 t archive_link
001088cc 00000014 t archive_dirreset
001088e0 00000014 t archive_chmod
001088f4 00000024 t error_cmp
00108918 00000050 t archive_translate_error
00108968 000000c4 t archive_seek
00108a2c 00000078 t _archiveInit.part.0
00108aa4 000000c4 t archiveFindDevice.part.0
00108b68 00000290 t archive_utf16path
00108df8 0000009c t _archiveUnmountDeviceStruct.part.0
00108e94 00000014 t archive_statvfs
00108ea8 00000014 t archive_fchmod
00108ebc 00000168 t _archiveMountDevice
00109024 000000e8 t archive_diropen
0010910c 000000a4 t archive_fstat
001091b0 0000006c t archive_fsync
0010921c 0000006c t archive_close
00109288 00000070 t archive_dirclose
001092f8 000000e4 t sdmc_statvfs
001093dc 000000ec t archive_chdir
001094c8 0000007c t archive_ftruncate
00109544 000000ac t archive_read
001095f0 000000a4 t archive_unlink
00109694 000000bc t archive_rmdir
00109750 000000dc t archive_mkdir
0010982c 00000194 t archive_stat
001099c0 0000015c t archive_dirnext
00109b1c 00000124 t archive_write
00109c40 00000210 t archive_open
00109e50 00000268 t archive_rename
0010a0b8 0000019c T archiveMountSdmc
0010a254 00000054 T archiveUnmountAll
0010a2a8 000000d0 T fsInit
0010a378 0000003c T fsExit
0010a3b4 00000060 T fsExemptFromSession
0010a414 00000050 T fsUnexemptFromSession
0010a464 000000cc T FSUSER_OpenFile
0010a530 000000bc T FSUSER_DeleteFile
0010a5ec 000000f8 T FSUSER_RenameFile
0010a6e4 000000bc T FSUSER_DeleteDirectory
0010a7a0 000000d4 T FSUSER_CreateFile
0010a874 000000c4 T FSUSER_CreateDirectory
0010a938 000000f8 T FSUSER_RenameDirectory
0010aa30 000000b4 T FSUSER_OpenDirectory
0010aae4 00000094 T FSUSER_OpenArchive
0010ab78 0000008c T FSUSER_CloseArchive
0010ac04 00000074 T FSUSER_GetSdmcArchiveResource
0010ac78 00000064 T FSUSER_IsSdmcWritable
0010acdc 00000058 T FSFILE_Read
0010ad34 00000060 T FSFILE_Write
0010ad94 00000038 T FSFILE_GetSize
0010adcc 00000028 T FSFILE_SetSize
0010adf4 0000003c T FSFILE_Close
0010ae30 00000024 T FSFILE_Flush
0010ae54 00000050 T FSDIR_Read
0010aea4 0000003c T FSDIR_Close
0010aee0 0000005c T rbtree_node_next
0010af3c 0000013c T decode_utf8
0010b078 000000e8 T utf16_to_utf8
0010b160 000000c0 T utf8_to_utf16
0010b220 T __aeabi_read_tp
0010b22c 00000064 T decode_utf16
0010b290 00000054 T encode_utf16
0010b2e4 000000e0 T encode_utf8
0010b3c4 00000120 T __udivmoddi4
0010b4e4 000000d8 T strncmp
0010b5bc 0000005c T strlen
0010b618 00000198 T _fgets_r
0010b7b0 00000028 T fgets
0010b7d8 00000070 T strcspn
0010b848 000000e0 T memchr
0010b928 000001e4 t _strtoul_l.isra.0
0010bb0c 00000030 T _strtoul_r
0010bb3c 00000034 T strtoul
0010bb70 000000e4 T strncat
0010bc54 00000078 T bsearch
0010bccc 00000020 T aligned_alloc
0010bcec 00000038 t lflush
0010bd24 0000019c T __srefill_r
0010bec0 00000148 T _fclose_r
0010c008 00000018 T fclose
0010c020 00000144 T __smakebuf_r
0010c164 0000008c T __swhatbuf_r
0010c1f0 00000020 T memalign
0010c210 0000001c t stdio_exit_handler
0010c22c 0000005c t cleanup_stdio
0010c288 00000154 t global_stdio_init.part.0
0010c3dc 00000134 T __sfp
0010c510 0000005c T __sinit
0010c56c 0000000c T __sfp_lock_acquire
0010c578 0000000c T __sfp_lock_release
0010c584 000007e8 T _malloc_r
0010cd6c 000000f8 T _malloc_trim_r
0010ce64 00000300 T _free_r
0010d164 00000018 T close
0010d17c 00000294 T setvbuf
0010d410 0000004c T strnlen
0010d45c 0000000c T __errno
0010d468 00000034 T malloc
0010d49c 00000018 T free
0010d4b4 00000130 T memcpy
0010d5e4 00000034 T printf
0010d618 00000078 T sscanf
0010d690 00000134 T _fopen_r
0010d7c4 00000020 T fopen
0010d7e4 000000e0 T _puts_r
0010d8c4 00000018 T puts
0010d8dc 000000e8 T memset
0010d9c4 00000070 T _fwalk_sglue
0010da34 0000000c T __malloc_lock
0010da40 0000000c T __malloc_unlock
0010da4c 00000004 W __call_exitprocs
0010da50 00000030 T exit
0010da80 00000050 t get_arg
0010dad0 00002b4c T __ssvfscanf_r
0011061c 0000001c T _fseek_r
00110638 000000c4 T strncpy
001106fc 00000264 t _strtoull_l.isra.0
00110960 00000030 T _strtoull_r
00110990 000000b4 T __sflags
00110a44 000000b4 T _mbrtowc_r
00110af8 00000084 T __libc_init_array
00110b7c 00000228 T __sflush_r
00110da4 00000094 T _fflush_r
00110e38 0000000c T nanf
00110e44 00000480 T __sfvwrite_r
001112c4 0000047c t _strtoll_l.isra.0
00111740 00000030 T _strtoll_r
00111770 00000024 T __locale_mb_cur_max
00111794 00000064 t sulp
001117f8 000013f0 T _strtod_l
00112be8 0000003c T _strtod_r
00112c24 00000068 T sprintf
00112c8c 00000150 T _memalign_r
00112ddc 000000e0 T _sungetc_r
00112ebc 0000006c T __ssrefill_r
00112f28 000000c4 T _sfread_r
00112fec 000000f4 t rshift
001130e0 000008e8 T __gethex
001139c8 00000324 T __utf8_mbtowc
00113cec 0000003c T __libc_fini_array
00113d28 0000058c T _fseeko_r
001142b4 00000044 T __sread
001142f8 00000008 T __seofread
00114300 00000068 T __swrite
00114368 00000040 T __sseek
001143a8 00000008 T __sclose
001143b0 00000008 T iswspace
001143b8 000000f0 T __sccl
001144a8 00000024 T _localeconv_r
001144cc 000005e4 t get_arg
00114ab0 0000342c T _vfprintf_r
00117edc 000000b8 t __sbprintf
00117f94 00000020 T realloc
00117fb4 000001b4 t quorem
00118168 00001370 T _dtoa_r
001194d8 000000a0 T _wcrtomb_r
00119578 000005e4 t get_arg
00119b60 0000335c T _svfprintf_r
0011cebc 00000344 t _strtol_l.part.0
0011d200 00000060 T _strtol_r
0011d260 000000dc T stpncpy
0011d33c 000004a4 T _realloc_r
0011d7e0 000000f0 T __utf8_wctomb
0011d8d0 00000028 T _wcsrtombs_r
0011d8f8 0000004c T __match
0011d944 000002a4 T __hexnan
0011dbe8 00000194 T __swsetup_r
0011dd80 00000010 T nan
0011dd90 00000088 T frexp
0011de18 00000130 T strchr
0011df48 000000a8 T __submore
0011dff0 00000160 T memmove
0011e150 0000005c T __assert_func
0011e1ac 00000038 T iswspace_l
0011e1e4 00000088 T _Balloc
0011e26c 0000001c T _Bfree
0011e288 000000f4 T __multadd
0011e37c 00000110 T __s2b
0011e48c 00000080 T __hi0bits
0011e50c 000000f4 T __lo0bits
0011e600 000000a4 T __i2b
0011e6a4 00000208 T __multiply
0011e8ac 00000130 T __pow5mult
0011e9dc 00000138 T __lshift
0011eb14 00000058 T __mcmp
0011eb6c 000001f0 T __mdiff
0011ed5c 00000068 T __ulp
0011edc4 000000d0 T __b2d
0011ee94 00000120 T __d2b
0011efb4 00000078 T __ratio
0011f02c 00000088 T __copybits
0011f0b4 0000005c T __any_on
0011f110 000000a4 T __ssprint_r
0011f1b4 0000003c T fiprintf
0011f1f0 00000160 T _wcsnrtombs_l
0011f350 00000064 T _wcsnrtombs_r
0011f3b4 00000030 T __sprint_r
0011f3e4 00000014 T abort
0011f3f8 000000c0 T _calloc_r
0011f4b8 00000090 T category
0011f548 00000128 T __ssputs_r
0011f670 00000090 T _raise_r
0011f700 00000018 T raise
0011f718 000005e4 t get_arg
0011fcfc 00002264 T _vfiprintf_r
00121f60 000000b8 t __sbprintf
00122018 00000020 T _exit
00122038 0000013c T chdir
00122174 000001cc T _concatenate_path
00122340 00000088 T _fstat_r
001223c8 00000014 T _getpid_r
001223dc 0000002c T __getreent
00122408 0000008c T __release_handle
00122494 000000b0 T __alloc_handle
00122544 0000003c T __get_handle
00122580 000000f4 T _close_r
00122674 00000008 t null_write
0012267c 00000018 T setDefaultDevice
00122694 000000c8 T FindDevice
0012275c 00000028 T RemoveDevice
00122784 00000098 T AddDevice
0012281c 00000020 T GetDeviceOpTab
0012283c 00000008 T _isatty_r
00122844 00000014 T _kill_r
00122858 0000008c T _lseek_r
001228e4 000000bc T _open_r
001229a0 00000088 T _read_r
00122a28 00000078 W _sbrk_r
00122aa0 0000001c T __libc_lock_acquire
00122abc 0000001c T __libc_lock_release
00122ad8 0000001c T __libc_lock_acquire_recursive
00122af4 0000001c T __libc_lock_release_recursive
00122b10 00000088 T _write_r
00122b98 00000038 T __aeabi_d2lz
00122b98 00000038 T __fixdfdi
00122bd0 00000040 T __aeabi_d2ulz
00122bd0 00000040 T __fixunsdfdi
00122c10 00000048 T strrchr
00122c58 T _fini
0012328c r .LC2
00123410 00000080 r dotab_stdout
00123490 00000018 r grayScale
001234a8 00000006 r colorCube
001234b0 00000030 r colorTable
001234fc 00000008 r morton_y.2
00123504 00000008 r morton_x.3
0012350c 00000008 r s_sleepWakeEvents.4
00123514 R default_font_bin
00123d14 0000004d r _net_error_code_map
00123d14 R default_font_bin_end
00123d64 00000030 r error_table
00123d94 00000080 r archive_devoptab
00123e14 00000101 R _ctype_
0012406c 00000022 r basefix.0
001240f0 00000014 r fpinan.0
00124104 00000014 r fpi.1
00124118 00000028 r tinytens
00124140 00000100 R __hexdig
0012432c 00000010 r zeroes.0
0012433c 00000010 r blanks.1
00124440 00000010 r zeroes.0
00124450 00000010 r blanks.1
00124460 0000006c R __action_table
001244cc 0000006c R __state_table
00124538 00000100 R __chclass
00124638 0000000c r p05.0
00124648 00000028 R __mprec_bigtens
00124670 000000c8 R __mprec_tens
00124738 000035dc r categories
00127e00 00000010 r zeroes.0
00127e10 00000010 r blanks.1
00127e20 00000080 R dotab_stdnull
00127ea0 R __tdata_align
00127ea4 r __EH_FRAME_BEGIN__
00127ea4 R __exidx_end
00127ea4 R __exidx_start
00128000 00000001 d firstConsoleInit.0
00128004 00000004 D currentConsole
00128008 00000048 D defaultConsole
00128050 00000004 d aptChainloadDeliverArgSize
00128054 00000004 d kCount
00128058 00000004 d kInterval
0012805c 00000004 d kDelay
00128060 00000080 d soc_devoptab
001280e0 W __stacksize__
001280e4 00000004 D _impure_ptr
001280e8 00000120 D _impure_data
00128208 0000000c D __sglue
00128214 00000004 D __malloc_sbrk_base
00128218 00000004 D __malloc_trim_threshold
00128220 00000408 D __malloc_av_
00128628 0000016c D __global_locale
00128794 00000400 d _current_working_directory
00128b98 00001000 d handles
00129b98 0000000c d __stderr_handle
00129ba4 0000000c d __stdout_handle
00129bb0 0000000c d __stdin_handle
00129bbc 0000008c D devoptab_list
00129c48 00000004 d defaultDevice
00129c54 d _GLOBAL_OFFSET_TABLE_
00129c60 d __frame_dummy_init_array_entry
00129c60 D __init_array_start
00129c60 B __preinit_array_end
00129c60 B __preinit_array_start
00129c60 D __tdata_lma
00129c60 D __tdata_lma_end
00129c64 d __do_global_dtors_aux_fini_array_entry
00129c64 D __fini_array_start
00129c64 D __init_array_end
00129c68 D __bss_start__
00129c68 D __fini_array_end
00129c68 b completed.1
00129c6c b object.0
00129c84 0000001c b escapeSeq
00129ca0 00000048 B currentCopy
00129ce8 00000004 b screenAlloc
00129cec 00000004 b screenFree
00129cf0 00000002 b gfxIsDoubleBuf
00129cf4 00000002 b gfxCurBuf
00129cf6 00000001 b gfxIsVram
00129cf7 00000001 b gfxTopMode
00129cf8 00000002 b gfxFramebufferFormats
00129cfc 00000004 b gfxBottomFramebufferMaxSize
00129d00 00000004 b gfxTopFramebufferMaxSize
00129d08 00000008 b gfxBottomFramebuffers
00129d10 00000008 b gfxTopFramebuffers
00129d18 00000001 b flagValue.0
00129d19 00000001 b flagInit.1
00129d1c 00000004 b serviceName.6
00129d20 00000001 b aptChainloadFlags
00129d21 00000001 b aptChainloadMediatype
00129d24 00000020 b aptChainloadHmac
00129d44 00000300 b aptChainloadDeliverArg
0012a048 00000008 b aptChainloadTid
0012a050 00001000 b aptParameters
0012b050 00000004 b aptFlags
0012b054 00000001 b aptHomeButtonState
0012b058 00000004 b aptMessageFuncData
0012b05c 00000004 b aptMessageFunc
0012b060 0000000c b aptFirstHook
0012b06c 00000001 b aptEventHandlerThreadQuit
0012b070 00000004 b aptEventHandlerThread
0012b074 00000008 b aptSleepEvent
0012b07c 00000008 b aptReceiveEvent
0012b084 00000008 b aptEvents
0012b08c 00000004 b aptLockHandle
0012b090 00000004 b aptRefCount
0012b094 00000007 b gspEventCbOneShot
0012b09c 0000001c b gspEventCbData
0012b0b8 0000001c b gspEventCb
0012b0d4 00000038 b gspEvents
0012b10c 00000004 b gspLastEvent
0012b110 00000001 b gspRunEvents
0012b114 00000004 b gspEventThread
0012b118 00000004 b gspEvent
0012b11c 00000001 b gspGpuRight
0012b11d 00000001 b gspThreadId
0012b120 00000004 b gspSharedMem
0012b124 00000004 b gspSharedMemHandle
0012b128 00000004 b gspRefCount
0012b12c 00000004 b gspGpuHandle
0012b130 00000001 b usingIrrst
0012b134 00000004 b hidRefCount
0012b138 00000006 b gRate
0012b140 00000006 b aVec
0012b148 00000004 b cPos
0012b14c 00000004 b tPos
0012b150 00000004 b kRepeat
0012b154 00000004 b kUp
0012b158 00000004 b kDown
0012b15c 00000004 b kHeld
0012b160 00000004 b kOld
0012b164 00000004 B hidSharedMem
0012b168 00000014 B hidEvents
0012b17c 00000004 B hidMemHandle
0012b180 00000004 B hidHandle
0012b184 00000004 b irrstRefCount
0012b188 00000004 b csPos
0012b18c 00000004 b kHeld
0012b190 00000004 B irrstSharedMem
0012b194 00000004 B irrstEvent
0012b198 00000004 B irrstMemHandle
0012b19c 00000004 B irrstHandle
0012b1a0 00000004 B __system_retAddr
0012b1a4 00000004 B __system_argv
0012b1a8 00000004 B __system_argc
0012b1ac b saved_stack
0012b1b8 00000008 b sLinearPool
0012b1c0 0000000c b sAddrMap
0012b1d0 00000008 b sVramPoolB
0012b1d8 00000008 b sVramPoolA
0012b1e0 0000000c b sAddrMap
0012b1ec 00000004 B __3dslink_host
0012b1f0 00000001 V __ctru_speedup
0012b1f4 00000004 b srvRefCount
0012b1f8 00000004 b srvHandle
0012b1fc 00000004 b arbiter
0012b200 00000004 b currentAddr
0012b204 00000004 b maxAddr
0012b208 00000004 b minAddr
0012b20c 00000004 b ptmSysmRefCount
0012b210 00000004 b ptmSysmHandle
0012b214 00000004 b srvPmHandle
0012b218 00000004 B socMemhandle
0012b21c 00000004 B SOCU_handle
0012b220 00000004 V __ctru_linear_heap_size
0012b224 00000004 V __ctru_heap_size
0012b228 00000004 B __ctru_linear_heap
0012b22c 00000004 B __ctru_heap
0012b230 000005c0 b archive_devices
0012b7f0 00000004 b archive_device_cwd
0012b7f4 00000001 b archive_initialized
0012b7f8 00000080 b fsExemptArchives
0012b878 00000004 b fsuRefCount
0012b87c 00000004 b fsuHandle
0012b880 0000000c b __sfp_recursive_mutex
0012b890 00000168 B __sf
0012b9f8 00000004 B __stdio_exit_handler
0012b9fc 00000028 B __malloc_current_mallinfo
0012ba24 00000004 B __malloc_max_total_mem
0012ba28 00000004 B __malloc_max_sbrked_mem
0012ba2c 00000004 B __malloc_top_pad
0012ba30 0000000c b __malloc_recursive_mutex
0012ba3c 00000400 b temp_cwd
0012be3c 00000004 b __hndl_lock
0012be40 00000004 B fake_heap_start
0012be44 00000004 B fake_heap_end
0012be48 00000004 b heap_start.0
0012be4c B __tls_start
0012ca54 B __bss_end__
0012ca54 A __end__
0012ca54 B __tls_end
